This is pdfTeXk, Version 3.141592-1.40.3 (Web2C 7.5.6) (format=pdflatex 2010.9.14)  3 OCT 2010 23:55
entering extended mode
 %&-line parsing enabled.
**BD_dokumentacja.tex
(./BD_dokumentacja.tex
LaTeX2e <2005/12/01>
Babel <v3.8h> and hyphenation patterns for english, usenglishmax, dumylang, noh
yphenation, arabic, basque, bulgarian, coptic, welsh, czech, slovak, german, ng
erman, danish, esperanto, spanish, catalan, galician, estonian, farsi, finnish,
 french, greek, monogreek, ancientgreek, croatian, hungarian, interlingua, ibyc
us, indonesian, icelandic, italian, latin, mongolian, dutch, norsk, polish, por
tuguese, pinyin, romanian, russian, slovenian, uppersorbian, serbian, swedish, 
turkish, ukenglish, ukrainian, loaded.
(/usr/share/texmf/tex/latex/base/article.cls
Document Class: article 2005/09/16 v1.4f Standard LaTeX document class
(/usr/share/texmf/tex/latex/base/size10.clo
File: size10.clo 2005/09/16 v1.4f Standard LaTeX file (size option)
)
\c@part=\count79
\c@section=\count80
\c@subsection=\count81
\c@subsubsection=\count82
\c@paragraph=\count83
\c@subparagraph=\count84
\c@figure=\count85
\c@table=\count86
\abovecaptionskip=\skip41
\belowcaptionskip=\skip42
\bibindent=\dimen102
)
(/usr/share/texmf/tex/generic/babel/babel.sty
Package: babel 2005/11/23 v3.8h The Babel package

(/usr/share/texmf/tex/generic/babel/polish.ldf
Language: polish 2005/03/31 v1.2l Polish support from the babel system

(/usr/share/texmf/tex/generic/babel/babel.def
File: babel.def 2005/11/23 v3.8h Babel common definitions
\babel@savecnt=\count87
\U@D=\dimen103
)
Package babel Info: Making " an active character on input line 83.
\pl@left=\dimen104
\pl@down=\dimen105
\pl@right=\dimen106
\pl@temp=\dimen107
))
(/usr/share/texmf/tex/latex/platex/polski.sty
Package: polski 2003/05/09 v1.3.1 Polish language package

Document Language Style `polski' v1.3.1 <2003/05/09>
   Switching to Polish text encoding and Polish maths fonts.
(/usr/share/texmf/tex/latex/base/ot4enc.def
File: ot4enc.def 2005/09/27 v1.99g Standard LaTeX file
)
LaTeX Font Info:    Try loading font information for OT4+cmr on input line 346.


(/usr/share/texmf/tex/latex/platex/ot4cmr.fd
File: ot4cmr.fd 2000/10/09 v1.2 Font defs for fonts PL (MW)
)
LaTeX Font Info:    Overwriting math alphabet `\mathbf' in version `normal'
(Font)                  OT1/cmr/bx/n --> OT4/cmr/bx/n on input line 346.
LaTeX Font Info:    Overwriting math alphabet `\mathsf' in version `normal'
(Font)                  OT1/cmss/m/n --> OT4/cmss/m/n on input line 346.
LaTeX Font Info:    Overwriting math alphabet `\mathit' in version `normal'
(Font)                  OT1/cmr/m/it --> OT4/cmr/m/it on input line 346.
LaTeX Font Info:    Overwriting math alphabet `\mathtt' in version `normal'
(Font)                  OT1/cmtt/m/n --> OT4/cmtt/m/n on input line 346.
LaTeX Font Info:    Overwriting math alphabet `\mathsf' in version `bold'
(Font)                  OT1/cmss/bx/n --> OT4/cmss/bx/n on input line 346.
LaTeX Font Info:    Overwriting math alphabet `\mathit' in version `bold'
(Font)                  OT1/cmr/bx/it --> OT4/cmr/bx/it on input line 346.
LaTeX Font Info:    Encoding `OT1' has changed to `OT4' for symbol font
(Font)              `operators' in the math version `normal' on input line 346.

LaTeX Font Info:    Overwriting symbol font `operators' in version `normal'
(Font)                  OT1/cmr/m/n --> OT4/cmr/m/n on input line 346.
LaTeX Font Info:    Overwriting symbol font `letters' in version `normal'
(Font)                  OML/cmm/m/it --> OML/plm/m/it on input line 346.
LaTeX Font Info:    Overwriting symbol font `symbols' in version `normal'
(Font)                  OMS/cmsy/m/n --> OMS/plsy/m/n on input line 346.
LaTeX Font Info:    Overwriting symbol font `largesymbols' in version `normal'
(Font)                  OMX/cmex/m/n --> OMX/plex/m/n on input line 346.
LaTeX Font Info:    Encoding `OT1' has changed to `OT4' for symbol font
(Font)              `operators' in the math version `bold' on input line 346.
LaTeX Font Info:    Overwriting symbol font `operators' in version `bold'
(Font)                  OT1/cmr/bx/n --> OT4/cmr/bx/n on input line 346.
LaTeX Font Info:    Overwriting symbol font `letters' in version `bold'
(Font)                  OML/cmm/b/it --> OML/plm/b/it on input line 346.
LaTeX Font Info:    Overwriting symbol font `symbols' in version `bold'
(Font)                  OMS/cmsy/b/n --> OMS/plsy/b/n on input line 346.
)
(/usr/share/texmf/tex/latex/base/inputenc.sty
Package: inputenc 2006/05/05 v1.1b Input encoding file
\inpenc@prehook=\toks14
\inpenc@posthook=\toks15

(/usr/share/texmf/tex/latex/base/utf8.def
File: utf8.def 2006/03/30 v1.1i UTF-8 support for inputenc
Now handling font encoding OML ...
... no UTF-8 mapping file for font encoding OML
Now handling font encoding T1 ...
... processing UTF-8 mapping file for font encodingT1

(/usr/share/texmf/tex/latex/base/t1enc.dfu
File: t1enc.dfu 2006/03/30 v1.1i UTF-8 support for inputenc
   defining Unicode char U+00A1 (decimal 161)
   defining Unicode char U+00A3 (decimal 163)
   defining Unicode char U+00AB (decimal 171)
   defining Unicode char U+00BB (decimal 187)
   defining Unicode char U+00BF (decimal 191)
   defining Unicode char U+00C0 (decimal 192)
   defining Unicode char U+00C1 (decimal 193)
   defining Unicode char U+00C2 (decimal 194)
   defining Unicode char U+00C3 (decimal 195)
   defining Unicode char U+00C4 (decimal 196)
   defining Unicode char U+00C5 (decimal 197)
   defining Unicode char U+00C6 (decimal 198)
   defining Unicode char U+00C7 (decimal 199)
   defining Unicode char U+00C8 (decimal 200)
   defining Unicode char U+00C9 (decimal 201)
   defining Unicode char U+00CA (decimal 202)
   defining Unicode char U+00CB (decimal 203)
   defining Unicode char U+00CC (decimal 204)
   defining Unicode char U+00CD (decimal 205)
   defining Unicode char U+00CE (decimal 206)
   defining Unicode char U+00CF (decimal 207)
   defining Unicode char U+00D0 (decimal 208)
   defining Unicode char U+00D1 (decimal 209)
   defining Unicode char U+00D2 (decimal 210)
   defining Unicode char U+00D3 (decimal 211)
   defining Unicode char U+00D4 (decimal 212)
   defining Unicode char U+00D5 (decimal 213)
   defining Unicode char U+00D6 (decimal 214)
   defining Unicode char U+00D8 (decimal 216)
   defining Unicode char U+00D9 (decimal 217)
   defining Unicode char U+00DA (decimal 218)
   defining Unicode char U+00DB (decimal 219)
   defining Unicode char U+00DC (decimal 220)
   defining Unicode char U+00DD (decimal 221)
   defining Unicode char U+00DE (decimal 222)
   defining Unicode char U+00DF (decimal 223)
   defining Unicode char U+00E0 (decimal 224)
   defining Unicode char U+00E1 (decimal 225)
   defining Unicode char U+00E2 (decimal 226)
   defining Unicode char U+00E3 (decimal 227)
   defining Unicode char U+00E4 (decimal 228)
   defining Unicode char U+00E5 (decimal 229)
   defining Unicode char U+00E6 (decimal 230)
   defining Unicode char U+00E7 (decimal 231)
   defining Unicode char U+00E8 (decimal 232)
   defining Unicode char U+00E9 (decimal 233)
   defining Unicode char U+00EA (decimal 234)
   defining Unicode char U+00EB (decimal 235)
   defining Unicode char U+00EC (decimal 236)
   defining Unicode char U+00ED (decimal 237)
   defining Unicode char U+00EE (decimal 238)
   defining Unicode char U+00EF (decimal 239)
   defining Unicode char U+00F0 (decimal 240)
   defining Unicode char U+00F1 (decimal 241)
   defining Unicode char U+00F2 (decimal 242)
   defining Unicode char U+00F3 (decimal 243)
   defining Unicode char U+00F4 (decimal 244)
   defining Unicode char U+00F5 (decimal 245)
   defining Unicode char U+00F6 (decimal 246)
   defining Unicode char U+00F8 (decimal 248)
   defining Unicode char U+00F9 (decimal 249)
   defining Unicode char U+00FA (decimal 250)
   defining Unicode char U+00FB (decimal 251)
   defining Unicode char U+00FC (decimal 252)
   defining Unicode char U+00FD (decimal 253)
   defining Unicode char U+00FE (decimal 254)
   defining Unicode char U+00FF (decimal 255)
   defining Unicode char U+0102 (decimal 258)
   defining Unicode char U+0103 (decimal 259)
   defining Unicode char U+0104 (decimal 260)
   defining Unicode char U+0105 (decimal 261)
   defining Unicode char U+0106 (decimal 262)
   defining Unicode char U+0107 (decimal 263)
   defining Unicode char U+010C (decimal 268)
   defining Unicode char U+010D (decimal 269)
   defining Unicode char U+010E (decimal 270)
   defining Unicode char U+010F (decimal 271)
   defining Unicode char U+0110 (decimal 272)
   defining Unicode char U+0111 (decimal 273)
   defining Unicode char U+0118 (decimal 280)
   defining Unicode char U+0119 (decimal 281)
   defining Unicode char U+011A (decimal 282)
   defining Unicode char U+011B (decimal 283)
   defining Unicode char U+011E (decimal 286)
   defining Unicode char U+011F (decimal 287)
   defining Unicode char U+0130 (decimal 304)
   defining Unicode char U+0131 (decimal 305)
   defining Unicode char U+0132 (decimal 306)
   defining Unicode char U+0133 (decimal 307)
   defining Unicode char U+0139 (decimal 313)
   defining Unicode char U+013A (decimal 314)
   defining Unicode char U+013D (decimal 317)
   defining Unicode char U+013E (decimal 318)
   defining Unicode char U+0141 (decimal 321)
   defining Unicode char U+0142 (decimal 322)
   defining Unicode char U+0143 (decimal 323)
   defining Unicode char U+0144 (decimal 324)
   defining Unicode char U+0147 (decimal 327)
   defining Unicode char U+0148 (decimal 328)
   defining Unicode char U+014A (decimal 330)
   defining Unicode char U+014B (decimal 331)
   defining Unicode char U+0150 (decimal 336)
   defining Unicode char U+0151 (decimal 337)
   defining Unicode char U+0152 (decimal 338)
   defining Unicode char U+0153 (decimal 339)
   defining Unicode char U+0154 (decimal 340)
   defining Unicode char U+0155 (decimal 341)
   defining Unicode char U+0158 (decimal 344)
   defining Unicode char U+0159 (decimal 345)
   defining Unicode char U+015A (decimal 346)
   defining Unicode char U+015B (decimal 347)
   defining Unicode char U+015E (decimal 350)
   defining Unicode char U+015F (decimal 351)
   defining Unicode char U+0160 (decimal 352)
   defining Unicode char U+0161 (decimal 353)
   defining Unicode char U+0162 (decimal 354)
   defining Unicode char U+0163 (decimal 355)
   defining Unicode char U+0164 (decimal 356)
   defining Unicode char U+0165 (decimal 357)
   defining Unicode char U+016E (decimal 366)
   defining Unicode char U+016F (decimal 367)
   defining Unicode char U+0170 (decimal 368)
   defining Unicode char U+0171 (decimal 369)
   defining Unicode char U+0178 (decimal 376)
   defining Unicode char U+0179 (decimal 377)
   defining Unicode char U+017A (decimal 378)
   defining Unicode char U+017B (decimal 379)
   defining Unicode char U+017C (decimal 380)
   defining Unicode char U+017D (decimal 381)
   defining Unicode char U+017E (decimal 382)
   defining Unicode char U+200C (decimal 8204)
   defining Unicode char U+2013 (decimal 8211)
   defining Unicode char U+2014 (decimal 8212)
   defining Unicode char U+2018 (decimal 8216)
   defining Unicode char U+2019 (decimal 8217)
   defining Unicode char U+201A (decimal 8218)
   defining Unicode char U+201C (decimal 8220)
   defining Unicode char U+201D (decimal 8221)
   defining Unicode char U+201E (decimal 8222)
   defining Unicode char U+2030 (decimal 8240)
   defining Unicode char U+2031 (decimal 8241)
   defining Unicode char U+2039 (decimal 8249)
   defining Unicode char U+203A (decimal 8250)
   defining Unicode char U+2423 (decimal 9251)
)
Now handling font encoding OT1 ...
... processing UTF-8 mapping file for font encodingOT1

(/usr/share/texmf/tex/latex/base/ot1enc.dfu
File: ot1enc.dfu 2006/03/30 v1.1i UTF-8 support for inputenc
   defining Unicode char U+00A1 (decimal 161)
   defining Unicode char U+00A3 (decimal 163)
   defining Unicode char U+00B8 (decimal 184)
   defining Unicode char U+00BF (decimal 191)
   defining Unicode char U+00C5 (decimal 197)
   defining Unicode char U+00C6 (decimal 198)
   defining Unicode char U+00D8 (decimal 216)
   defining Unicode char U+00DF (decimal 223)
   defining Unicode char U+00E6 (decimal 230)
   defining Unicode char U+00EC (decimal 236)
   defining Unicode char U+00ED (decimal 237)
   defining Unicode char U+00EE (decimal 238)
   defining Unicode char U+00EF (decimal 239)
   defining Unicode char U+00F8 (decimal 248)
   defining Unicode char U+0131 (decimal 305)
   defining Unicode char U+0141 (decimal 321)
   defining Unicode char U+0142 (decimal 322)
   defining Unicode char U+0152 (decimal 338)
   defining Unicode char U+0153 (decimal 339)
   defining Unicode char U+2013 (decimal 8211)
   defining Unicode char U+2014 (decimal 8212)
   defining Unicode char U+2018 (decimal 8216)
   defining Unicode char U+2019 (decimal 8217)
   defining Unicode char U+201C (decimal 8220)
   defining Unicode char U+201D (decimal 8221)
)
Now handling font encoding OMS ...
... processing UTF-8 mapping file for font encodingOMS

(/usr/share/texmf/tex/latex/base/omsenc.dfu
File: omsenc.dfu 2006/03/30 v1.1i UTF-8 support for inputenc
   defining Unicode char U+00A7 (decimal 167)
   defining Unicode char U+00B6 (decimal 182)
   defining Unicode char U+00B7 (decimal 183)
   defining Unicode char U+2020 (decimal 8224)
   defining Unicode char U+2021 (decimal 8225)
   defining Unicode char U+2022 (decimal 8226)
)
Now handling font encoding OMX ...
... no UTF-8 mapping file for font encoding OMX
Now handling font encoding U ...
... no UTF-8 mapping file for font encoding U
Now handling font encoding OT4 ...
... no UTF-8 mapping file for font encoding OT4
   defining Unicode char U+00A9 (decimal 169)
   defining Unicode char U+00AA (decimal 170)
   defining Unicode char U+00AE (decimal 174)
   defining Unicode char U+00BA (decimal 186)
   defining Unicode char U+02C6 (decimal 710)
   defining Unicode char U+02DC (decimal 732)
   defining Unicode char U+200C (decimal 8204)
   defining Unicode char U+2026 (decimal 8230)
   defining Unicode char U+2122 (decimal 8482)
   defining Unicode char U+2423 (decimal 9251)
))
(/usr/share/texmf/tex/latex/base/fontenc.sty
Package: fontenc 2005/09/27 v1.99g Standard LaTeX package

(/usr/share/texmf/tex/latex/base/t1enc.def
File: t1enc.def 2005/09/27 v1.99g Standard LaTeX file
LaTeX Font Info:    Redeclaring font encoding T1 on input line 43.
))
(/usr/share/texmf/tex/latex/graphics/graphicx.sty
Package: graphicx 1999/02/16 v1.0f Enhanced LaTeX Graphics (DPC,SPQR)

(/usr/share/texmf/tex/latex/graphics/keyval.sty
Package: keyval 1999/03/16 v1.13 key=value parser (DPC)
\KV@toks@=\toks16
)
(/usr/share/texmf/tex/latex/graphics/graphics.sty
Package: graphics 2006/02/20 v1.0o Standard LaTeX Graphics (DPC,SPQR)

(/usr/share/texmf/tex/latex/graphics/trig.sty
Package: trig 1999/03/16 v1.09 sin cos tan (DPC)
)
(/usr/share/texmf/tex/latex/config/graphics.cfg
File: graphics.cfg 2007/01/18 v1.5 graphics configuration of teTeX/TeXLive
)
Package graphics Info: Driver file: pdftex.def on input line 90.

(/usr/share/texmf/tex/latex/pdftex-def/pdftex.def
File: pdftex.def 2007/01/08 v0.04d Graphics/color for pdfTeX
\Gread@gobject=\count88
))
\Gin@req@height=\dimen108
\Gin@req@width=\dimen109
)
(/usr/share/texmf/tex/latex/geometry/geometry.sty
Package: geometry 2002/07/08 v3.2 Page Geometry
\Gm@cnth=\count89
\Gm@cntv=\count90
\c@Gm@tempcnt=\count91
\Gm@bindingoffset=\dimen110
\Gm@wd@mp=\dimen111
\Gm@odd@mp=\dimen112
\Gm@even@mp=\dimen113
\Gm@dimlist=\toks17
)
(/usr/share/texmf/tex/latex/ltxmisc/chngpage.sty
Package: chngpage 2003/08/10 v1.2 change page layout
\c@cp@cnt=\count92
\c@cp@tempcnt=\count93
)
(/usr/share/texmf/tex/latex/tools/indentfirst.sty
Package: indentfirst 1995/11/23 v1.03 Indent first paragraph (DPC)
)
(/usr/share/texmf/tex/latex/chemstyle.sty
Package: chemstyle 2010/06/06 v2.0i Schemes and style for chemistry

(/usr/share/texmf/tex/latex/amsmath/amstext.sty
Package: amstext 2000/06/29 v2.01

(/usr/share/texmf/tex/latex/amsmath/amsgen.sty
File: amsgen.sty 1999/11/30 v2.0
\@emptytoks=\toks18
\ex@=\dimen114
))
(/usr/share/texmf/tex/latex/caption/caption.sty
Package: caption 2007/01/07 v3.0k Customising captions (AR)

(/usr/share/texmf/tex/latex/caption/caption3.sty
Package: caption3 2007/01/07 v3.0k caption3 kernel (AR)
\captionmargin=\dimen115
\captionmarginx=\dimen116
\captionwidth=\dimen117
\captionindent=\dimen118
\captionparindent=\dimen119
\captionhangindent=\dimen120
))
(/usr/share/texmf/tex/latex/chemscheme.sty
Package: chemscheme 2010/06/06 v2.0i Schemes for chemistry

(/usr/share/texmf/tex/latex/oberdiek/kvoptions.sty
Package: kvoptions 2006/08/22 v2.4 Connects package keyval with LaTeX options (
HO)
)
(/usr/share/texmf/tex/latex/psfrag/psfrag.sty
Package: psfrag 1998/04/11 v3.04 PSfrag (MCG)
\pfg@pcount=\count94
\pfg@scount=\count95
\pfg@temp=\write3
)
\cst@ref@count=\count96
)
(/usr/share/texmf/tex/latex/tools/xspace.sty
Package: xspace 2006/05/08 v1.12 Space after command names (DPC,MH)
)
(/usr/share/texmf/tex/latex/SIunits/SIunits.sty
Package: SIunits 2002/08/01 v1.33 Support for the International System of units
 (MH)


\@qskwidth=\skip43
Now handling font encoding TS1 ...
... processing UTF-8 mapping file for font encoding TS1
(/usr/share/texmf/tex/latex/base/ts1enc.dfu
File: ts1enc.dfu 2006/03/30 v1.1i UTF-8 support for inputenc
   defining Unicode char U+00A2 (decimal 162)
   defining Unicode char U+00A3 (decimal 163)
   defining Unicode char U+00A4 (decimal 164)
   defining Unicode char U+00A5 (decimal 165)
   defining Unicode char U+00A6 (decimal 166)
   defining Unicode char U+00A7 (decimal 167)
   defining Unicode char U+00A8 (decimal 168)
   defining Unicode char U+00A9 (decimal 169)
   defining Unicode char U+00AA (decimal 170)
   defining Unicode char U+00AC (decimal 172)
   defining Unicode char U+00AE (decimal 174)
   defining Unicode char U+00AF (decimal 175)
   defining Unicode char U+00B0 (decimal 176)
   defining Unicode char U+00B1 (decimal 177)
   defining Unicode char U+00B2 (decimal 178)
   defining Unicode char U+00B3 (decimal 179)
   defining Unicode char U+00B4 (decimal 180)
   defining Unicode char U+00B5 (decimal 181)
   defining Unicode char U+00B6 (decimal 182)
   defining Unicode char U+00B7 (decimal 183)
   defining Unicode char U+00B9 (decimal 185)
   defining Unicode char U+00BA (decimal 186)
   defining Unicode char U+00BC (decimal 188)
   defining Unicode char U+00BD (decimal 189)
   defining Unicode char U+00BE (decimal 190)
   defining Unicode char U+00D7 (decimal 215)
   defining Unicode char U+00F7 (decimal 247)
   defining Unicode char U+0192 (decimal 402)
   defining Unicode char U+02C7 (decimal 711)
   defining Unicode char U+02D8 (decimal 728)
   defining Unicode char U+02DD (decimal 733)
   defining Unicode char U+0E3F (decimal 3647)
   defining Unicode char U+2016 (decimal 8214)
   defining Unicode char U+2020 (decimal 8224)
   defining Unicode char U+2021 (decimal 8225)
   defining Unicode char U+2022 (decimal 8226)
   defining Unicode char U+2030 (decimal 8240)
   defining Unicode char U+2031 (decimal 8241)
   defining Unicode char U+203B (decimal 8251)
   defining Unicode char U+203D (decimal 8253)
   defining Unicode char U+2044 (decimal 8260)
   defining Unicode char U+204E (decimal 8270)
   defining Unicode char U+2052 (decimal 8274)
   defining Unicode char U+20A1 (decimal 8353)
   defining Unicode char U+20A4 (decimal 8356)
   defining Unicode char U+20A6 (decimal 8358)
   defining Unicode char U+20A9 (decimal 8361)
   defining Unicode char U+20AB (decimal 8363)
   defining Unicode char U+20AC (decimal 8364)
   defining Unicode char U+20B1 (decimal 8369)
   defining Unicode char U+2103 (decimal 8451)
   defining Unicode char U+2116 (decimal 8470)
   defining Unicode char U+2117 (decimal 8471)
   defining Unicode char U+211E (decimal 8478)
   defining Unicode char U+2120 (decimal 8480)
   defining Unicode char U+2122 (decimal 8482)
   defining Unicode char U+2126 (decimal 8486)
   defining Unicode char U+2127 (decimal 8487)
   defining Unicode char U+212E (decimal 8494)
   defining Unicode char U+2190 (decimal 8592)
   defining Unicode char U+2191 (decimal 8593)
   defining Unicode char U+2192 (decimal 8594)
   defining Unicode char U+2193 (decimal 8595)
   defining Unicode char U+2329 (decimal 9001)
   defining Unicode char U+232A (decimal 9002)
   defining Unicode char U+2422 (decimal 9250)
   defining Unicode char U+25E6 (decimal 9702)
   defining Unicode char U+25EF (decimal 9711)
   defining Unicode char U+266A (decimal 9834)
)
\symgreek=\mathgroup4

(/usr/share/texmf/tex/latex/SIunits/SIunits.cfg))
(/usr/share/texmf/tex/latex/tools/varioref.sty
Package: varioref 2006/05/13 v1.4p package for extended references (FMi)
\c@vrcnt=\count97
)
(/usr/share/texmf/tex/latex/floatrow/floatrow.sty
Package: floatrow 2006/07/24 v0.1j floatrow: float package extension
\c@float@type=\count98
\float@exts=\toks19
\float@box=\box26
\@floatcapt=\box27
Package floatrow Info: Modified float package code loaded on input line 345.
Package floatrow Info: Modified rotfloat package code loaded on input line 363.

\FR@everyfloat=\toks20
\flrow@foot=\insert233
\FB@wd=\dimen121
\FBo@wd=\dimen122
\FBc@wd=\dimen123
\FBo@ht=\skip44
\FBc@ht=\skip45
\FBf@ht=\skip46
\FBo@max=\skip47
\FBc@max=\skip48
\FBf@max=\skip49
\c@FBl@b=\count99
\c@FRobj=\count100
\Xhsize=\skip50
\c@FBcnt=\count101
\FPOScnt=\count102
\LTleft=\skip51
\LTright=\skip52
\flrow@types=\toks21
\FBsc@max=\skip53
\FBso@max=\skip54
)
\c@scheme=\count103

(/usr/share/texmf/tex/latex/chemcompounds.sty
Package: chemcompounds 2006/12/01 v1.1.3 Dictionary for compound numbering
\c@chemcompounds@counter=\count104
))
(/usr/share/texmf/tex/latex/xymtex/xymtex.sty
Package `xymtex' (ver4.06) <December 01, 2009> [SF]
xymtex.sty ver4.06 (for LaTeX2e) 2009/12/01[SF]
(/usr/share/texmf/tex/latex/eepic/epic.sty
Enhancements to Picture Environment. Version 1.2 - Released June 1, 1986
\@@multicnt=\count105
\d@lta=\count106
\@delta=\dimen124
\@@delta=\dimen125
\@gridcnt=\count107
\@joinkind=\count108
\@dotgap=\dimen126
\@ddotgap=\dimen127
\@x@diff=\count109
\@y@diff=\count110
\x@diff=\dimen128
\y@diff=\dimen129
\@dotbox=\box28
\num@segments=\count111
\num@segmentsi=\count112
\@datafile=\read1
) (/usr/share/texmf/tex/latex/xymtex/chemstr.sty
XyMTeX for Drawing Chemical Structural Formulas. Version 4.04a
 -- Released October 25, 2009 by Shinsaku Fujita
XyMTeX Macro File `chemstr' (ver4.05) <October 25, 2009> [SF]
\@tempcntXa=\count113
\@tempcntYa=\count114
\@tempcntz=\count115
\@tempcntXb=\count116
\@tempcntYb=\count117
\@tempcntzz=\count118
\@tempcntXc=\count119
\@tempcntYc=\count120
\@tempcntzzz=\count121
\@tempcntXd=\count122
\@tempcntYd=\count123
\@tempcntzzzz=\count124
\@cnttempa=\count125
\@cnttempb=\count126
\@dimtempa=\dimen130
\noshift=\count127
\shifti=\count128
\shiftii=\count129
\shiftiii=\count130
\@tmpaa=\count131
\yl@xdiff=\count132
\yl@ydiff=\count133
\yl@shiftii=\count134
\yl@shifti=\count135
\x@ryl=\count136
\y@ryl=\count137
) (/usr/share/texmf/tex/latex/xymtex/carom.sty
XyMTeX for Drawing Chemical Structural Formulas. Version 4.01
 -- Released August 30, 2004 by Shinsaku Fujita
XyMTeX Macro File `carom' (ver4.01) <August 30, 2004> [SF]
(/usr/share/texmf/tex/latex/xymtex/hetarom.sty
XyMTeX for Drawing Chemical Structural Formulas. Version 4.03b
 -- Released Semtember 5, 2006 by Shinsaku Fujita
XyMTeX Macro File `hetarom' (ver4.03b) <September 5, 2006> [SF]
) (/usr/share/texmf/tex/latex/xymtex/hetaromh.sty
XyMTeX for Drawing Chemical Structural Formulas. Version 4.03b
 -- Released September 5, 2006 by Shinsaku Fujita
XyMTeX Macro File `hetaromh' (ver4.03b) <September 5, 2006> [SF]
)) (/usr/share/texmf/tex/latex/xymtex/hetarom.sty
XyMTeX for Drawing Chemical Structural Formulas. Version 4.03b
 -- Released Semtember 5, 2006 by Shinsaku Fujita
XyMTeX Macro File `hetarom' (ver4.03b) <September 5, 2006> [SF]
) (/usr/share/texmf/tex/latex/xymtex/hetaromh.sty
XyMTeX for Drawing Chemical Structural Formulas. Version 4.03b
 -- Released September 5, 2006 by Shinsaku Fujita
XyMTeX Macro File `hetaromh' (ver4.03b) <September 5, 2006> [SF]
) (/usr/share/texmf/tex/latex/xymtex/lowcycle.sty
XyMTeX for Drawing Chemical Structural Formulas. Version 4.01
 -- Released August 30, 2004 by Shinsaku Fujita
XyMTeX Macro File `lowcycle' (ver4.01) <August 30, 2004> [SF]
) (/usr/share/texmf/tex/latex/xymtex/ccycle.sty
XyMTeX for Drawing Chemical Structural Formulas. Version 4.04
 -- Released June 15, 2009 by Shinsaku Fujita
XyMTeX Macro File `ccycle' (ver4.04) <June 15, 2009> [SF]
) (/usr/share/texmf/tex/latex/xymtex/hcycle.sty
XyMTeX for Drawing Chemical Structural Formulas. Version 4.01
 -- Released August 30, 2004 by Shinsaku Fujita
XyMTeX Macro File `hcycle' (ver4.01) <August 30, 2004> [SF]
) (/usr/share/texmf/tex/latex/xymtex/aliphat.sty
XyMTeX for Drawing Chemical Structural Formulas. Version 4.05
 -- Released November 07, 2009 by Shinsaku Fujita
XyMTeX Macro File `aliphat' (ver4.05) <November 07, 2009> [SF]
) (/usr/share/texmf/tex/latex/xymtex/locant.sty
XyMTeX for Drawing Chemical Structural Formulas. Version 4.01
 -- Released August 30, 2004 by Shinsaku Fujita
XyMTeX Macro File `locant' (ver4.01) <August 30, 2004> [SF]
) (/usr/share/texmf/tex/latex/xymtex/polymers.sty
XyMTeX for Drawing Chemical Structural Formulas. Version 4.01
 -- Released August 30, 2004 by Shinsaku Fujita
XyMTeX Macro File `polymers' (ver4.01) <August 30, 2004> [SF]
) (/usr/share/texmf/tex/latex/xymtex/methylen.sty
XyMTeX for Drawing Chemical Structural Formulas. Version 4.03
 -- Released July 20, 2005 by Shinsaku Fujita
XyMTeX Macro File `methylen' (ver4.03) <July 20, 2005> [SF]
\test@termcnt=\count138
) (/usr/share/texmf/tex/latex/xymtex/fusering.sty
XyMTeX for Drawing Chemical Structural Formulas. Version 4.01
 -- Released August 30, 2004 by Shinsaku Fujita
XyMTeX Macro File `fusering' (ver4.01) <August 30, 2004> [SF]
) (/usr/share/texmf/tex/latex/xymtex/sizeredc.sty
XyMTeX for Drawing Chemical Structural Formulas. Version 4.01
 -- Released August 30, 2004 by Shinsaku Fujita
XyMTeX Macro File `sizeredc' (ver4.01) <August 30, 2004> [SF]
\@tempcntx=\count139
\@tempcnty=\count140
\@tempcntz=\count141
\@xArg=\count142
\@yArg=\count143
) (/usr/share/texmf/tex/latex/xymtex/steroid.sty
XyMTeX for Drawing Chemical Structural Formulas. Version 4.04
 -- Released June 16, 2009 by Shinsaku Fujita
XyMTeX Macro File `steroid' (ver1.00) <June 15, 2009> [SF]
) (/usr/share/texmf/tex/latex/xymtex/lewisstruc.sty
Part of XyMTeX for Drawing Chemical Structural Formulas. Version 4.05
 -- Released November 03, 2009 by Shinsaku Fujita
XyMTeX Macro File `lewisstruc' (ver1.00) <November 03, 2009> [SF]
)) (/usr/share/texmf/tex/latex/tools/array.sty
Package: array 2005/08/23 v2.4b Tabular extension package (FMi)
\col@sep=\dimen131
\extrarowheight=\dimen132
\NC@list=\toks22
\extratabsurround=\skip55
\backup@length=\skip56
)
(/usr/share/texmf/tex/latex/booktabs/booktabs.sty
Package: booktabs 2005/03/16 v1.6180 publication quality tables
\heavyrulewidth=\dimen133
\lightrulewidth=\dimen134
\cmidrulewidth=\dimen135
\belowrulesep=\dimen136
\belowbottomsep=\dimen137
\aboverulesep=\dimen138
\abovetopsep=\dimen139
\cmidrulesep=\dimen140
\cmidrulekern=\dimen141
\defaultaddspace=\dimen142
\@cmidla=\count144
\@cmidlb=\count145
\@aboverulesep=\dimen143
\@belowrulesep=\dimen144
\@thisruleclass=\count146
\@lastruleclass=\count147
\@thisrulewidth=\dimen145
)
(/usr/share/texmf/tex/latex/subfig/subfig.sty
Package: subfig 2005/06/28 ver: 1.3 subfig package
\c@KVtest=\count148
\sf@farskip=\skip57
\sf@captopadj=\dimen146
\sf@capskip=\skip58
\sf@nearskip=\skip59
\c@subfigure=\count149
\c@subfigure@save=\count150
\c@lofdepth=\count151
\c@subtable=\count152
\c@subtable@save=\count153
\c@lotdepth=\count154
\sf@top=\skip60
\sf@bottom=\skip61
)
(/usr/share/texmf/tex/latex/amsmath/amsmath.sty
Package: amsmath 2000/07/18 v2.13 AMS math features
\@mathmargin=\skip62

For additional information on amsmath, use the `?' option.
(/usr/share/texmf/tex/latex/amsmath/amsbsy.sty
Package: amsbsy 1999/11/29 v1.2d
\pmbraise@=\dimen147
)
(/usr/share/texmf/tex/latex/amsmath/amsopn.sty
Package: amsopn 1999/12/14 v2.01 operator names
)
\inf@bad=\count155
LaTeX Info: Redefining \frac on input line 211.
\uproot@=\count156
\leftroot@=\count157
LaTeX Info: Redefining \overline on input line 307.
\classnum@=\count158
\DOTSCASE@=\count159
LaTeX Info: Redefining \ldots on input line 379.
LaTeX Info: Redefining \dots on input line 382.
LaTeX Info: Redefining \cdots on input line 467.
\Mathstrutbox@=\box29
\strutbox@=\box30
\big@size=\dimen148
LaTeX Font Info:    Redeclaring font encoding OML on input line 567.
LaTeX Font Info:    Redeclaring font encoding OMS on input line 568.
\macc@depth=\count160
\c@MaxMatrixCols=\count161
\dotsspace@=\muskip10
\c@parentequation=\count162
\dspbrk@lvl=\count163
\tag@help=\toks23
\row@=\count164
\column@=\count165
\maxfields@=\count166
\andhelp@=\toks24
\eqnshift@=\dimen149
\alignsep@=\dimen150
\tagshift@=\dimen151
\tagwidth@=\dimen152
\totwidth@=\dimen153
\lineht@=\dimen154
\@envbody=\toks25
\multlinegap=\skip63
\multlinetaggap=\skip64
\mathdisplay@stack=\toks26
LaTeX Info: Redefining \[ on input line 2666.
LaTeX Info: Redefining \] on input line 2667.
)
(/usr/share/texmf/tex/latex/setspace/setspace.sty
Package: setspace 2000/12/01 6.7 Contributed and Supported LaTeX2e package

Package: `setspace' 6.7 <2000/12/01>
) (./BD_dokumentacja.aux

LaTeX Warning: Label `tab:addlabel' multiply defined.


LaTeX Warning: Label `tab:addlabel' multiply defined.


LaTeX Warning: Label `tab:addlabel' multiply defined.


LaTeX Warning: Label `tab:addlabel' multiply defined.


LaTeX Warning: Label `tab:addlabel' multiply defined.


LaTeX Warning: Label `tab:addlabel' multiply defined.


LaTeX Warning: Label `tab:addlabel' multiply defined.


LaTeX Warning: Label `tab:addlabel' multiply defined.


LaTeX Warning: Label `tab:addlabel' multiply defined.


LaTeX Warning: Label `tab:addlabel' multiply defined.


LaTeX Warning: Label `fig:1200lovedPRHist' multiply defined.


LaTeX Warning: Label `fig:1200lovedPRHist' multiply defined.


LaTeX Warning: Label `tab:addlabel' multiply defined.


LaTeX Warning: Label `fig:1200lovedPRHist' multiply defined.


LaTeX Warning: Label `tab:addlabel' multiply defined.


LaTeX Warning: Label `fig:1200lovedPRHist' multiply defined.


LaTeX Warning: Label `tab:addlabel' multiply defined.


LaTeX Warning: Label `fig:1200lovedPRHist' multiply defined.


LaTeX Warning: Label `tab:addlabel' multiply defined.


LaTeX Warning: Label `fig:1200lovedPRHist' multiply defined.


LaTeX Warning: Label `fig:1200lovedPRHist' multiply defined.


LaTeX Warning: Label `tab:addlabel' multiply defined.


LaTeX Warning: Label `fig:1200lovedPRHist' multiply defined.


LaTeX Warning: Label `tab:addlabel' multiply defined.


LaTeX Warning: Label `fig:1200lovedPRHist' multiply defined.


LaTeX Warning: Label `tab:addlabel' multiply defined.

)
\openout1 = `BD_dokumentacja.aux'.

LaTeX Font Info:    Checking defaults for OML/cmm/m/it on input line 30.
LaTeX Font Info:    ... okay on input line 30.
LaTeX Font Info:    Checking defaults for T1/cmr/m/n on input line 30.
LaTeX Font Info:    ... okay on input line 30.
LaTeX Font Info:    Checking defaults for OT1/cmr/m/n on input line 30.
LaTeX Font Info:    ... okay on input line 30.
LaTeX Font Info:    Checking defaults for OMS/cmsy/m/n on input line 30.
LaTeX Font Info:    ... okay on input line 30.
LaTeX Font Info:    Checking defaults for OMX/cmex/m/n on input line 30.
LaTeX Font Info:    ... okay on input line 30.
LaTeX Font Info:    Checking defaults for U/cmr/m/n on input line 30.
LaTeX Font Info:    ... okay on input line 30.
LaTeX Font Info:    Checking defaults for OT4/cmr/m/n on input line 30.
LaTeX Font Info:    ... okay on input line 30.
LaTeX Font Info:    Checking defaults for TS1/cmr/m/n on input line 30.
LaTeX Font Info:    Try loading font information for TS1+cmr on input line 30.
 (/usr/share/texmf/tex/latex/base/ts1cmr.fd
File: ts1cmr.fd 1999/05/25 v2.5h Standard LaTeX font definitions
)
LaTeX Font Info:    ... okay on input line 30.
-------------------- Geometry parameters
paper: a4paper
landscape: --
twocolumn: --
twoside: --
asymmetric: --
h-parts: 89.62709pt, 0.7\paperwidth , 89.6271pt (default)
v-parts: 101.40665pt, 0.7\paperheight , 152.11pt (default)
hmarginratio: 1:1
vmarginratio: 2:3
lines: --
heightrounded: --
bindingoffset: 0.0pt
truedimen: --
includehead: --
includefoot: --
includemp: --
driver: pdftex
-------------------- Page layout dimensions and switches
\paperwidth  597.50787pt
\paperheight 845.04684pt
\textwidth  418.25368pt
\textheight 591.5302pt
\oddsidemargin  17.3571pt
\evensidemargin 17.3571pt
\topmargin  -7.86334pt
\headheight 12.0pt
\headsep    25.0pt
\footskip   30.0pt
\marginparwidth 57.0pt
\marginparsep   11.0pt
\columnsep  10.0pt
\skip\footins  9.0pt plus 4.0pt minus 2.0pt
\hoffset 0.0pt
\voffset 0.0pt
\mag 1000

(1in=72.27pt, 1cm=28.45pt)
-----------------------

(/usr/share/texmf/tex/latex/ragged2e/ragged2e.sty
Package: ragged2e 2003/03/25 v2.04 ragged2e Package (MS)

(/usr/share/texmf/tex/latex/everysel/everysel.sty
Package: everysel 1999/06/08 v1.03 EverySelectfont Package (MS)


LaTeX Warning: Command \selectfont   has changed.
               Check if current package is valid.

LaTeX Info: Redefining \selectfont on input line 125.
)
\CenteringLeftskip=\skip65
\RaggedLeftLeftskip=\skip66
\RaggedRightLeftskip=\skip67
\CenteringRightskip=\skip68
\RaggedLeftRightskip=\skip69
\RaggedRightRightskip=\skip70
\CenteringParfillskip=\skip71
\RaggedLeftParfillskip=\skip72
\RaggedRightParfillskip=\skip73
\JustifyingParfillskip=\skip74
\CenteringParindent=\skip75
\RaggedLeftParindent=\skip76
\RaggedRightParindent=\skip77
\JustifyingParindent=\skip78
)
Package caption Info: floatrow package v0.1f (or newer) detected on input line 
30.
Package caption Info: subref 1.2 or 1.3 detected on input line 30.
LaTeX Info: Redefining \subref on input line 30.
\c@bibnote=\count167
\c@subscheme=\count168
\c@subscheme@save=\count169
\c@losdepth=\count170
LaTeX Font Info:    Try loading font information for OML+plm on input line 33.
 (/usr/share/texmf/tex/latex/platex/omlplm.fd
File: omlplm.fd 2000/10/09 v1.2 Font defs for fonts PL (MW)
)
LaTeX Font Info:    Try loading font information for OMS+plsy on input line 33.


(/usr/share/texmf/tex/latex/platex/omsplsy.fd
File: omsplsy.fd 2000/10/09 v1.2 Font defs for fonts PL (MW)
)
LaTeX Font Info:    Try loading font information for OMX+plex on input line 33.


(/usr/share/texmf/tex/latex/platex/omxplex.fd
File: omxplex.fd 2000/10/09 v1.2 Font defs for fonts PL (MW)
)
LaTeX Font Info:    External font `plex10' loaded for size
(Font)              <12> on input line 33.
LaTeX Font Info:    External font `plex10' loaded for size
(Font)              <8> on input line 33.
LaTeX Font Info:    External font `plex10' loaded for size
(Font)              <6> on input line 33.
 [1
Non-PDF special ignored!

{/usr/share/texmf/fonts/map/pdftex/updmap/pdftex.map}]
LaTeX Font Info:    Try loading font information for OMS+cmr on input line 49.

(/usr/share/texmf/tex/latex/base/omscmr.fd
File: omscmr.fd 1999/05/25 v2.5h Standard LaTeX font definitions
)
LaTeX Font Info:    Font shape `OMS/cmr/m/n' in size <10> not available
(Font)              Font shape `OMS/cmsy/m/n' tried instead on input line 49.

<rys1.PNG, id=8, 740.7675pt x 357.335pt>
File: rys1.PNG Graphic file (type png)
 <use rys1.PNG>
Overfull \hbox (63.23949pt too wide) in paragraph at lines 72--73
 [][] 
 []

[2] [3 <./rys1.PNG (PNG copy)>] <rys2.PNG, id=19, 804.00375pt x 593.21625pt>
File: rys2.PNG Graphic file (type png)

<use rys2.PNG>
Overfull \hbox (64.1523pt too wide) in paragraph at lines 103--104
 [][] 
 []

[4]
LaTeX Font Info:    External font `plex10' loaded for size
(Font)              <10> on input line 112.
LaTeX Font Info:    External font `plex10' loaded for size
(Font)              <7> on input line 112.
LaTeX Font Info:    External font `plex10' loaded for size
(Font)              <5> on input line 112.
 [5 <./rys2.PNG (PNG copy)>] [6] [7]
<wyniki/final200Friends/0200friends.png, id=35, 445.665pt x 445.665pt>
File: wyniki/final200Friends/0200friends.png Graphic file (type png)

<use wyniki/final200Friends/0200friends.png>
<wyniki/final200Friends/0200friendsPRHist.png, id=36, 319.1925pt x 226.59656pt>
File: wyniki/final200Friends/0200friendsPRHist.png Graphic file (type png)
<use wyniki/final200Friends/0200friendsPRHist.png> [8 <./wyniki/final200Friends
/0200friends.png>]
<wyniki/final200Friends/0200friendsBCHist.png, id=41, 323.70938pt x 227.34938pt
>
File: wyniki/final200Friends/0200friendsBCHist.png Graphic file (type png)
 <use wyniki/final200Friends/0200friendsBCHist.png>
<wyniki/final200Friends/1200friends.png, id=42, 446.41782pt x 447.17062pt>
File: wyniki/final200Friends/1200friends.png Graphic file (type png)

<use wyniki/final200Friends/1200friends.png> [9 <./wyniki/final200Friends/0200f
riendsPRHist.png> <./wyniki/final200Friends/0200friendsBCHist.png>]
<wyniki/final200Friends/1200friendsPRHist.png, id=48, 315.42844pt x 227.34938pt
>
File: wyniki/final200Friends/1200friendsPRHist.png Graphic file (type png)
 <use wyniki/final200Friends/1200friendsPRHist.png>
<wyniki/final200Friends/1200friendsBCHist.png, id=49, 316.93407pt x 225.09094pt
>
File: wyniki/final200Friends/1200friendsBCHist.png Graphic file (type png)
 <use wyniki/final200Friends/1200friendsBCHist.png> [10 <./wyniki/final200Frien
ds/1200friends.png> <./wyniki/final200Friends/1200friendsPRHist.png>]
Overfull \hbox (8.39937pt too wide) in paragraph at lines 357--357
 []|\T1/cmr/m/n/10 Liczno±¢ 
 []


Overfull \hbox (4.3448pt too wide) in paragraph at lines 357--357
 []|\T1/cmr/m/n/10 ‘rednia 
 []


Overfull \hbox (4.3448pt too wide) in paragraph at lines 357--357
 []|\T1/cmr/m/n/10 ‘rednia 
 []


Overfull \hbox (4.31703pt too wide) in paragraph at lines 359--359
 []|\T1/cmr/m/n/10 35,7222| 
 []


Overfull \hbox (4.31703pt too wide) in paragraph at lines 365--365
 []|\T1/cmr/m/n/10 10,3704| 
 []


Overfull \hbox (4.31703pt too wide) in paragraph at lines 368--368
 []|\T1/cmr/m/n/10 13,4412| 
 []


Overfull \hbox (4.31703pt too wide) in paragraph at lines 372--372
 []|\T1/cmr/m/n/10 11,4167| 
 []


Overfull \hbox (24.86977pt too wide) in paragraph at lines 355--386
 [] 
 []

<wyniki/final200Friends/2200friends.png, id=55, 447.92343pt x 447.17062pt>
File: wyniki/final200Friends/2200friends.png Graphic file (type png)

<use wyniki/final200Friends/2200friends.png> [11 <./wyniki/final200Friends/1200
friendsBCHist.png>] [12]
<wyniki/final200Friends/2200friendsPRHist.png, id=63, 311.66437pt x 228.10219pt
>
File: wyniki/final200Friends/2200friendsPRHist.png Graphic file (type png)
 <use wyniki/final200Friends/2200friendsPRHist.png>
<wyniki/final200Friends/2200friendsBCHist.png, id=64, 317.68687pt x 228.10219pt
>
File: wyniki/final200Friends/2200friendsBCHist.png Graphic file (type png)
 <use wyniki/final200Friends/2200friendsBCHist.png> [13 <./wyniki/final200Frien
ds/2200friends.png> <./wyniki/final200Friends/2200friendsPRHist.png>]
<wyniki/final200Friends/3200friends.png, id=71, 447.92343pt x 449.42906pt>
File: wyniki/final200Friends/3200friends.png Graphic file (type png)

<use wyniki/final200Friends/3200friends.png> [14 <./wyniki/final200Friends/2200
friendsBCHist.png>]
<wyniki/final200Friends/3200friendsPRHist.png, id=76, 309.40594pt x 228.10219pt
>
File: wyniki/final200Friends/3200friendsPRHist.png Graphic file (type png)
 <use wyniki/final200Friends/3200friendsPRHist.png>
<wyniki/final200Friends/3200friendsBCHist.png, id=77, 314.67563pt x 223.58531pt
>
File: wyniki/final200Friends/3200friendsBCHist.png Graphic file (type png)
 <use wyniki/final200Friends/3200friendsBCHist.png> [15 <./wyniki/final200Frien
ds/3200friends.png> <./wyniki/final200Friends/3200friendsPRHist.png>]
<wyniki/final200Friends/4200friends.png, id=83, 445.665pt x 446.41782pt>
File: wyniki/final200Friends/4200friends.png Graphic file (type png)

<use wyniki/final200Friends/4200friends.png> [16 <./wyniki/final200Friends/3200
friendsBCHist.png>]
<wyniki/final200Friends/4200friendsPRHist.png, id=88, 322.95656pt x 230.36063pt
>
File: wyniki/final200Friends/4200friendsPRHist.png Graphic file (type png)
 <use wyniki/final200Friends/4200friendsPRHist.png>
<wyniki/final200Friends/4200friendsBCHist.png, id=89, 333.49594pt x 226.59656pt
>
File: wyniki/final200Friends/4200friendsBCHist.png Graphic file (type png)
 <use wyniki/final200Friends/4200friendsBCHist.png> [17 <./wyniki/final200Frien
ds/4200friends.png> <./wyniki/final200Friends/4200friendsPRHist.png>]
<wyniki/final200Loved/0200loved.png, id=95, 592.2125pt x 594.22pt>
File: wyniki/final200Loved/0200loved.png Graphic file (type png)

<use wyniki/final200Loved/0200loved.png> [18 <./wyniki/final200Friends/4200frie
ndsBCHist.png>]
<wyniki/final200Loved/0200lovedPRHist.png, id=100, 449.68pt x 307.1475pt>
File: wyniki/final200Loved/0200lovedPRHist.png Graphic file (type png)

<use wyniki/final200Loved/0200lovedPRHist.png>
<wyniki/final200Loved/0200lovedBCHist.png, id=101, 450.68375pt x 307.1475pt>
File: wyniki/final200Loved/0200lovedBCHist.png Graphic file (type png)

<use wyniki/final200Loved/0200lovedBCHist.png> [19 <./wyniki/final200Loved/0200
loved.png> <./wyniki/final200Loved/0200lovedPRHist.png>]
<wyniki/final200Loved/1200loved.png, id=108, 588.1975pt x 592.2125pt>
File: wyniki/final200Loved/1200loved.png Graphic file (type png)

<use wyniki/final200Loved/1200loved.png> [20 <./wyniki/final200Loved/0200lovedB
CHist.png>]
<wyniki/final200Loved/1200lovedPRHist.png, id=113, 421.575pt x 302.12875pt>
File: wyniki/final200Loved/1200lovedPRHist.png Graphic file (type png)

<use wyniki/final200Loved/1200lovedPRHist.png>
<wyniki/final200Loved/1200lovedBCHist.png, id=114, 454.69875pt x 303.1325pt>
File: wyniki/final200Loved/1200lovedBCHist.png Graphic file (type png)

<use wyniki/final200Loved/1200lovedBCHist.png> [21 <./wyniki/final200Loved/1200
loved.png> <./wyniki/final200Loved/1200lovedPRHist.png>]
<wyniki/final200Loved/2200loved.png, id=120, 596.2275pt x 586.19pt>
File: wyniki/final200Loved/2200loved.png Graphic file (type png)

<use wyniki/final200Loved/2200loved.png> [22 <./wyniki/final200Loved/1200lovedB
CHist.png>]
<wyniki/final200Loved/2200lovedPRHist.png, id=125, 429.605pt x 303.1325pt>
File: wyniki/final200Loved/2200lovedPRHist.png Graphic file (type png)

<use wyniki/final200Loved/2200lovedPRHist.png>
<wyniki/final200Loved/2200lovedBCHist.png, id=126, 447.6725pt x 302.12875pt>
File: wyniki/final200Loved/2200lovedBCHist.png Graphic file (type png)

<use wyniki/final200Loved/2200lovedBCHist.png> [23 <./wyniki/final200Loved/2200
loved.png> <./wyniki/final200Loved/2200lovedPRHist.png>]
<wyniki/final200Loved/3200loved.png, id=132, 588.1975pt x 584.1825pt>
File: wyniki/final200Loved/3200loved.png Graphic file (type png)

<use wyniki/final200Loved/3200loved.png> [24 <./wyniki/final200Loved/2200lovedB
CHist.png>]
<wyniki/final200Loved/3200lovedPRHist.png, id=137, 463.7325pt x 303.1325pt>
File: wyniki/final200Loved/3200lovedPRHist.png Graphic file (type png)

<use wyniki/final200Loved/3200lovedPRHist.png>
<wyniki/final200Loved/3200lovedBCHist.png, id=138, 436.63126pt x 306.14375pt>
File: wyniki/final200Loved/3200lovedBCHist.png Graphic file (type png)

<use wyniki/final200Loved/3200lovedBCHist.png> [25 <./wyniki/final200Loved/3200
loved.png> <./wyniki/final200Loved/3200lovedPRHist.png>]
<wyniki/final200Loved/4200loved.png, id=145, 584.1825pt x 568.1225pt>
File: wyniki/final200Loved/4200loved.png Graphic file (type png)

<use wyniki/final200Loved/4200loved.png> [26 <./wyniki/final200Loved/3200lovedB
CHist.png>]
<wyniki/final200Loved/4200lovedPRHist.png, id=150, 432.61626pt x 303.1325pt>
File: wyniki/final200Loved/4200lovedPRHist.png Graphic file (type png)

<use wyniki/final200Loved/4200lovedPRHist.png>
<wyniki/final200Loved/4200lovedBCHist.png, id=151, 460.72125pt x 303.1325pt>
File: wyniki/final200Loved/4200lovedBCHist.png Graphic file (type png)

<use wyniki/final200Loved/4200lovedBCHist.png> [27 <./wyniki/final200Loved/4200
loved.png> <./wyniki/final200Loved/4200lovedPRHist.png>]
<wyniki/final200Events/0200events.png, id=157, 595.22375pt x 598.235pt>
File: wyniki/final200Events/0200events.png Graphic file (type png)

<use wyniki/final200Events/0200events.png> [28 <./wyniki/final200Loved/4200love
dBCHist.png>]
<wyniki/final200Events/0200eventsPRHist.png, id=162, 457.71pt x 309.155pt>
File: wyniki/final200Events/0200eventsPRHist.png Graphic file (type png)

<use wyniki/final200Events/0200eventsPRHist.png>
<wyniki/final200Events/0200eventsBCHist.png, id=163, 445.665pt x 309.155pt>
File: wyniki/final200Events/0200eventsBCHist.png Graphic file (type png)

<use wyniki/final200Events/0200eventsBCHist.png> [29 <./wyniki/final200Events/0
200events.png> <./wyniki/final200Events/0200eventsPRHist.png>]
<wyniki/final200Events/1200events.png, id=169, 661.47125pt x 631.35875pt>
File: wyniki/final200Events/1200events.png Graphic file (type png)

<use wyniki/final200Events/1200events.png> [30 <./wyniki/final200Events/0200eve
ntsBCHist.png>]
<wyniki/final200Events/1200eventsPRHist.png, id=174, 439.6425pt x 309.155pt>
File: wyniki/final200Events/1200eventsPRHist.png Graphic file (type png)

<use wyniki/final200Events/1200eventsPRHist.png>
<wyniki/final200Events/1200eventsBCHist.png, id=175, 455.7025pt x 307.1475pt>
File: wyniki/final200Events/1200eventsBCHist.png Graphic file (type png)

<use wyniki/final200Events/1200eventsBCHist.png> [31 <./wyniki/final200Events/1
200events.png> <./wyniki/final200Events/1200eventsPRHist.png>]
Overfull \hbox (8.39937pt too wide) in paragraph at lines 829--829
 []|\T1/cmr/m/n/10 Liczno±¢ 
 []


Overfull \hbox (4.3448pt too wide) in paragraph at lines 829--829
 []|\T1/cmr/m/n/10 ‘rednia 
 []


Overfull \hbox (4.3448pt too wide) in paragraph at lines 829--829
 []|\T1/cmr/m/n/10 ‘rednia 
 []


Overfull \hbox (4.31703pt too wide) in paragraph at lines 831--831
 []|\T1/cmr/m/n/10 22,8806| 
 []


Overfull \hbox (24.86977pt too wide) in paragraph at lines 827--845
 [] 
 []

[32 <./wyniki/final200Events/1200eventsBCHist.png>]
<wyniki/final200Events/2200events.png, id=186, 663.47874pt x 618.31pt>
File: wyniki/final200Events/2200events.png Graphic file (type png)

<use wyniki/final200Events/2200events.png>
<wyniki/final200Events/2200eventsPRHist.png, id=187, 431.6125pt x 305.14pt>
File: wyniki/final200Events/2200eventsPRHist.png Graphic file (type png)

<use wyniki/final200Events/2200eventsPRHist.png> [33 <./wyniki/final200Events/2
200events.png>]
<wyniki/final200Events/2200eventsBCHist.png, id=192, 463.7325pt x 309.155pt>
File: wyniki/final200Events/2200eventsBCHist.png Graphic file (type png)

<use wyniki/final200Events/2200eventsBCHist.png>
<wyniki/final200Events/3200events.png, id=193, 667.49374pt x 615.29875pt>
File: wyniki/final200Events/3200events.png Graphic file (type png)

<use wyniki/final200Events/3200events.png> [34 <./wyniki/final200Events/2200eve
ntsPRHist.png> <./wyniki/final200Events/2200eventsBCHist.png>]
<wyniki/final200Events/3200eventsPRHist.png, id=199, 456.70625pt x 307.1475pt>
File: wyniki/final200Events/3200eventsPRHist.png Graphic file (type png)

<use wyniki/final200Events/3200eventsPRHist.png> [35 <./wyniki/final200Events/3
200events.png>]
<wyniki/final200Events/3200eventsBCHist.png, id=204, 459.7175pt x 303.1325pt>
File: wyniki/final200Events/3200eventsBCHist.png Graphic file (type png)

<use wyniki/final200Events/3200eventsBCHist.png>
<wyniki/final200Events/4200events.png, id=205, 663.47874pt x 612.2875pt>
File: wyniki/final200Events/4200events.png Graphic file (type png)

<use wyniki/final200Events/4200events.png> [36 <./wyniki/final200Events/3200eve
ntsPRHist.png> <./wyniki/final200Events/3200eventsBCHist.png>]
<wyniki/final200Events/4200eventsPRHist.png, id=211, 439.6425pt x 305.14pt>
File: wyniki/final200Events/4200eventsPRHist.png Graphic file (type png)

<use wyniki/final200Events/4200eventsPRHist.png> [37 <./wyniki/final200Events/4
200events.png>]
<wyniki/final200Events/4200eventsBCHist.png, id=217, 460.72125pt x 305.14pt>
File: wyniki/final200Events/4200eventsBCHist.png Graphic file (type png)

<use wyniki/final200Events/4200eventsBCHist.png> [38 <./wyniki/final200Events/4
200eventsPRHist.png> <./wyniki/final200Events/4200eventsBCHist.png>] [39]
Underfull \hbox (badness 10000) in paragraph at lines 1075--1076
[]\T1/cmr/m/n/10 Community struc-ture in so-cial and bio-lo-gi-cal ne-tworks^^Q

 []

[40] [41] (./BD_dokumentacja.aux)

LaTeX Warning: There were multiply-defined labels.

 ) 
Here is how much of TeX's memory you used:
 7000 strings out of 256216
 96836 string characters out of 1917072
 366848 words of memory out of 1500000
 10060 multiletter control sequences out of 10000+200000
 18552 words of font info for 47 fonts, out of 1200000 for 2000
 645 hyphenation exceptions out of 8191
 42i,10n,40p,662b,369s stack positions out of 5000i,500n,6000p,200000b,15000s
{/usr/share/texmf/fonts/enc/dvips/pl/plrm.enc} </home/robak/.texlive2007/texm
f-var/fonts/pk/ljfour/jknappen/ec/ecti1000.600pk> </home/robak/.texlive2007/tex
mf-var/fonts/pk/ljfour/jknappen/ec/ecbx1000.600pk> </home/robak/.texlive2007/te
xmf-var/fonts/pk/ljfour/jknappen/ec/ecbx1200.600pk> </home/robak/.texlive2007/t
exmf-var/fonts/pk/ljfour/jknappen/ec/ecbx1440.600pk> </home/robak/.texlive2007/
texmf-var/fonts/pk/ljfour/jknappen/ec/ecrm1000.600pk> </home/robak/.texlive2007
/texmf-var/fonts/pk/ljfour/jknappen/ec/ecrm1200.600pk> </home/robak/.texlive200
7/texmf-var/fonts/pk/ljfour/jknappen/ec/ecrm1728.600pk></usr/share/texmf/fonts/
type1/bluesky/cm/cmsy10.pfb></usr/share/texmf/fonts/type1/public/pl/plr7.pfb>
Output written on BD_dokumentacja.pdf (41 pages, 3874914 bytes).
PDF statistics:
 562 PDF objects out of 1000 (max. 8388607)
 0 named destinations out of 1000 (max. 131072)
 236 words of extra memory for PDF output out of 10000 (max. 10000000)

